0 info it worked if it ends with ok
1 verbose cli [ 'C:\\Program Files\\nodejs\\node.exe',
1 verbose cli   'C:\\Program Files\\nodejs\\node_modules\\npm\\bin\\npm-cli.js',
1 verbose cli   'run',
1 verbose cli   'deploy' ]
2 info using npm@6.4.1
3 info using node@v10.15.3
4 verbose run-script [ 'predeploy', 'deploy', 'postdeploy' ]
5 info lifecycle weather-app@0.1.0~predeploy: weather-app@0.1.0
6 verbose lifecycle weather-app@0.1.0~predeploy: unsafe-perm in lifecycle true
7 verbose lifecycle weather-app@0.1.0~predeploy: PATH: C:\Program Files\nodejs\node_modules\npm\node_modules\npm-lifecycle\node-gyp-bin;C:\Users\tengisbold\ProjectSpace\Personal-Projects\reactProjects\weather-app\node_modules\.bin;C:\Users\tengisbold\bin;C:\Program Files\Git\mingw64\bin;C:\Program Files\Git\usr\local\bin;C:\Program Files\Git\usr\bin;C:\Program Files\Git\usr\bin;C:\Program Files\Git\mingw64\bin;C:\Program Files\Git\usr\bin;C:\Users\tengisbold\bin;C:\Windows\system32;C:\Windows;C:\Windows\System32\Wbem;C:\Windows\System32\WindowsPowerShell\v1.0;C:\Windows\System32\OpenSSH;C:\Program Files\Git\cmd;C:\Program Files\nodejs;C:\Users\tengisbold\AppData\Local\Programs\Microsoft VS Code\bin;C:\Program Files\Java\jdk-11.0.1\bin;C:\Users\tengisbold\AppData\Local\Programs\Microsoft VS Code\bin;C:\Program Files\Git\usr\bin\vendor_perl;C:\Program Files\Git\usr\bin\core_perl
8 verbose lifecycle weather-app@0.1.0~predeploy: CWD: C:\Users\tengisbold\ProjectSpace\Personal-Projects\reactProjects\weather-app
9 silly lifecycle weather-app@0.1.0~predeploy: Args: [ '/d /s /c', 'npm run build' ]
10 silly lifecycle weather-app@0.1.0~predeploy: Returned: code: 0  signal: null
11 info lifecycle weather-app@0.1.0~deploy: weather-app@0.1.0
12 verbose lifecycle weather-app@0.1.0~deploy: unsafe-perm in lifecycle true
13 verbose lifecycle weather-app@0.1.0~deploy: PATH: C:\Program Files\nodejs\node_modules\npm\node_modules\npm-lifecycle\node-gyp-bin;C:\Users\tengisbold\ProjectSpace\Personal-Projects\reactProjects\weather-app\node_modules\.bin;C:\Users\tengisbold\bin;C:\Program Files\Git\mingw64\bin;C:\Program Files\Git\usr\local\bin;C:\Program Files\Git\usr\bin;C:\Program Files\Git\usr\bin;C:\Program Files\Git\mingw64\bin;C:\Program Files\Git\usr\bin;C:\Users\tengisbold\bin;C:\Windows\system32;C:\Windows;C:\Windows\System32\Wbem;C:\Windows\System32\WindowsPowerShell\v1.0;C:\Windows\System32\OpenSSH;C:\Program Files\Git\cmd;C:\Program Files\nodejs;C:\Users\tengisbold\AppData\Local\Programs\Microsoft VS Code\bin;C:\Program Files\Java\jdk-11.0.1\bin;C:\Users\tengisbold\AppData\Local\Programs\Microsoft VS Code\bin;C:\Program Files\Git\usr\bin\vendor_perl;C:\Program Files\Git\usr\bin\core_perl
14 verbose lifecycle weather-app@0.1.0~deploy: CWD: C:\Users\tengisbold\ProjectSpace\Personal-Projects\reactProjects\weather-app
15 silly lifecycle weather-app@0.1.0~deploy: Args: [ '/d /s /c', 'gh-pages -d build' ]
16 silly lifecycle weather-app@0.1.0~deploy: Returned: code: 1  signal: null
17 info lifecycle weather-app@0.1.0~deploy: Failed to exec deploy script
18 verbose stack Error: weather-app@0.1.0 deploy: `gh-pages -d build`
18 verbose stack Exit status 1
18 verbose stack     at EventEmitter.<anonymous> (C:\Program Files\nodejs\node_modules\npm\node_modules\npm-lifecycle\index.js:301:16)
18 verbose stack     at EventEmitter.emit (events.js:189:13)
18 verbose stack     at ChildProcess.<anonymous> (C:\Program Files\nodejs\node_modules\npm\node_modules\npm-lifecycle\lib\spawn.js:55:14)
18 verbose stack     at ChildProcess.emit (events.js:189:13)
18 verbose stack     at maybeClose (internal/child_process.js:970:16)
18 verbose stack     at Process.ChildProcess._handle.onexit (internal/child_process.js:259:5)
19 verbose pkgid weather-app@0.1.0
20 verbose cwd C:\Users\tengisbold\ProjectSpace\Personal-Projects\reactProjects\weather-app
21 verbose Windows_NT 10.0.17763
22 verbose argv "C:\\Program Files\\nodejs\\node.exe" "C:\\Program Files\\nodejs\\node_modules\\npm\\bin\\npm-cli.js" "run" "deploy"
23 verbose node v10.15.3
24 verbose npm  v6.4.1
25 error code ELIFECYCLE
26 error errno 1
27 error weather-app@0.1.0 deploy: `gh-pages -d build`
27 error Exit status 1
28 error Failed at the weather-app@0.1.0 deploy script.
28 error This is probably not a problem with npm. There is likely additional logging output above.
29 verbose exit [ 1, true ]
